<?xml version="1.0" encoding="UTF-8"?>
<testng-results ignored="0" total="3" passed="3" failed="0" skipped="0">
  <reporter-output>
  </reporter-output>
  <suite started-at="2022-06-16T13:20:20 IST" name="Default suite" finished-at="2022-06-16T13:22:57 IST" duration-ms="156900">
    <groups>
    </groups>
    <test started-at="2022-06-16T13:20:20 IST" name="Default test" finished-at="2022-06-16T13:22:57 IST" duration-ms="156900">
      <class name="allegiant_Runner.RunnerTest">
        <test-method signature="run([Ljava.lang.String;)[pri:0, instance:allegiant_Runner.RunnerTest@611889f4]" started-at="2022-06-16T13:20:22 IST" name="run" data-provider="getLocationData" finished-at="2022-06-16T13:21:04 IST" duration-ms="42647" status="PASS">
          <params>
            <param index="0">
              <value>
                <![CDATA[[Ljava.lang.String;@65593327]]>
              </value>
            </param>
          </params>
          <reporter-output>
          </reporter-output>
        </test-method> <!-- run -->
        <test-method signature="run1([Ljava.lang.String;)[pri:0, instance:allegiant_Runner.RunnerTest@611889f4]" started-at="2022-06-16T13:21:05 IST" name="run1" data-provider="getTravelerData" finished-at="2022-06-16T13:22:16 IST" depends-on-methods="allegiant_Runner.RunnerTest.run" duration-ms="71747" status="PASS">
          <params>
            <param index="0">
              <value>
                <![CDATA[[Ljava.lang.String;@68e5c7ae]]>
              </value>
            </param>
          </params>
          <reporter-output>
          </reporter-output>
        </test-method> <!-- run1 -->
        <test-method signature="run2([Ljava.lang.String;)[pri:0, instance:allegiant_Runner.RunnerTest@611889f4]" started-at="2022-06-16T13:22:17 IST" name="run2" data-provider="getPaymentData" finished-at="2022-06-16T13:22:57 IST" depends-on-methods="allegiant_Runner.RunnerTest.run1" duration-ms="39493" status="PASS">
          <params>
            <param index="0">
              <value>
                <![CDATA[[Ljava.lang.String;@684ce74c]]>
              </value>
            </param>
          </params>
          <reporter-output>
          </reporter-output>
        </test-method> <!-- run2 -->
      </class> <!-- allegiant_Runner.RunnerTest -->
    </test> <!-- Default test -->
  </suite> <!-- Default suite -->
</testng-results>
