<?xml version="1.0" encoding="UTF-8"?>
<!-- Generated by org.testng.reporters.JUnitXMLReporter -->
<testsuite ignored="0" hostname="TSQA-L009" failures="1" tests="1" name="Test" time="2.293" errors="0" timestamp="2022-06-15T11:09:44 IST">
  <testcase classname="allegiant_Runner.RunnerTest" name="runtest1" time="2.213">
    <failure type="org.testng.internal.reflect.MethodMatcherException" message="
[public void allegiant_Runner.RunnerTest.runtest1() throws java.io.IOException] has no parameters defined but was found to be using a data provider (either explicitly specified or inherited from class level annotation).
Data provider mismatch
Method: runtest1([])
Arguments: [(java.lang.String) Traveller 1,(java.lang.String) Test one,(java.lang.String) M,(java.lang.String) 1999,(java.lang.String) niresh1@gmail.com,(java.lang.String) 5555555555554440,(java.lang.String) 000,(java.lang.String) Allentown (Lehigh Valley), PA (ABE),(java.lang.String) Nashville, TN (BNA),(java.lang.String) Bayline,(java.lang.String) Florida,(java.lang.String) 90202]">
      <![CDATA[org.testng.internal.reflect.MethodMatcherException: 
[public void allegiant_Runner.RunnerTest.runtest1() throws java.io.IOException] has no parameters defined but was found to be using a data provider (either explicitly specified or inherited from class level annotation).
Data provider mismatch
Method: runtest1([])
Arguments: [(java.lang.String) Traveller 1,(java.lang.String) Test one,(java.lang.String) M,(java.lang.String) 1999,(java.lang.String) niresh1@gmail.com,(java.lang.String) 5555555555554440,(java.lang.String) 000,(java.lang.String) Allentown (Lehigh Valley), PA (ABE),(java.lang.String) Nashville, TN (BNA),(java.lang.String) Bayline,(java.lang.String) Florida,(java.lang.String) 90202]
at java.base/java.util.ArrayList.forEach(ArrayList.java:1511)
... Removed 22 stack frames]]>
    </failure>
  </testcase> <!-- runtest1 -->
</testsuite> <!-- Test -->
