<?xml version="1.0" encoding="UTF-8"?>
<!-- Generated by org.testng.reporters.JUnitXMLReporter -->
<testsuite ignored="0" hostname="TSQA-L009" failures="0" tests="3" name="Default test" time="157.566" errors="0" timestamp="2022-06-20T10:53:17 IST">
  <testcase classname="allegiant_Runner.RunnerTest" name="run" time="56.422"/>
  <testcase classname="allegiant_Runner.RunnerTest" name="run1" time="70.474"/>
  <testcase classname="allegiant_Runner.RunnerTest" name="run2" time="27.857"/>
</testsuite> <!-- Default test -->
