<?xml version="1.0" encoding="UTF-8"?>
<!-- Generated by org.testng.reporters.JUnitXMLReporter -->
<testsuite ignored="0" hostname="TSQA-L009" failures="0" tests="3" name="Default test" time="156.9" errors="0" timestamp="2022-06-16T13:22:57 IST">
  <testcase classname="allegiant_Runner.RunnerTest" name="run" time="42.647"/>
  <testcase classname="allegiant_Runner.RunnerTest" name="run1" time="71.747"/>
  <testcase classname="allegiant_Runner.RunnerTest" name="run2" time="39.493"/>
</testsuite> <!-- Default test -->
